<?xml version="1.0" encoding="UTF-8"?>
<testsuite name="Utest Community" tests="1" skipped="0" failures="0" errors="0" timestamp="2022-10-18T05:03:47" hostname="JUAN_CELEMIN" time="68.756">
  <properties/>
  <testcase name="Create a new user" classname="Utest Community" time="68.756"/>
  <system-out><![CDATA[]]></system-out>
  <system-err><![CDATA[[Test worker] WARN net.thucydides.core.steps.BaseStepListener - stepStarted: net.thucydides.core.steps.ExecutedStepDescription@15a902e7
[Test worker] WARN net.thucydides.core.steps.BaseStepListener - stepStarted: net.thucydides.core.steps.ExecutedStepDescription@4e61e4c2
[Test worker] WARN net.thucydides.core.steps.BaseStepListener - stepStarted: net.thucydides.core.steps.ExecutedStepDescription@3cd59ef5
oct 18, 2022 12:03:48 AM org.openqa.selenium.remote.DesiredCapabilities chrome
INFORMACIÓN: Using `new ChromeOptions()` is preferred to `DesiredCapabilities.chrome()`
[Test worker] INFO net.serenitybdd.core.webdriver.driverproviders.ProvideNewDriver - Instantiating driver
[Test worker] INFO net.serenitybdd.core.webdriver.driverproviders.ProvideNewDriver - Driver capabilities: Capabilities {acceptInsecureCerts: false, browserName: chrome, chrome.switches: --start-maximized, goog:chromeOptions: {args: [--start-maximized], extensions: []}, loggingPrefs: org.openqa.selenium.logging..., platform: ANY, version: }
Starting ChromeDriver 106.0.5249.61 (511755355844955cd3e264779baf0dd38212a4d0-refs/branch-heads/5249@{#569}) on port 43151
Only local connections are allowed.
Please see https://chromedriver.chromium.org/security-considerations for suggestions on keeping ChromeDriver safe.
ChromeDriver was started successfully.
oct 18, 2022 12:03:54 AM org.openqa.selenium.remote.ProtocolHandshake createSession
INFORMACIÓN: Detected dialect: W3C
[Test worker] WARN net.thucydides.core.steps.BaseStepListener - stepFinished: current outcome:Create a new user:Example: {strName=Juan David, strLastName=Celemin Rojas, strEmail=juan58@gmail.com, strPassword=Celemin.Rojas07, strConfirmPassword=Celemin.Rojas07, strConfirmation=Welcome to the world's largest community of freelance software testers!} [Given that Juan wants to register on the page [Juan open up [Juan opens the Utest page]]]
[Test worker] WARN net.thucydides.core.steps.BaseStepListener - stepFinished: current outcome:Create a new user:Example: {strName=Juan David, strLastName=Celemin Rojas, strEmail=juan58@gmail.com, strPassword=Celemin.Rojas07, strConfirmPassword=Celemin.Rojas07, strConfirmation=Welcome to the world's largest community of freelance software testers!} [Given that Juan wants to register on the page [Juan open up [Juan opens the Utest page]]]
[Test worker] WARN net.thucydides.core.steps.BaseStepListener - stepFinished: current outcome:Create a new user:Example: {strName=Juan David, strLastName=Celemin Rojas, strEmail=juan58@gmail.com, strPassword=Celemin.Rojas07, strConfirmPassword=Celemin.Rojas07, strConfirmation=Welcome to the world's largest community of freelance software testers!} [Given that Juan wants to register on the page [Juan open up [Juan opens the Utest page]]]
[Test worker] WARN net.thucydides.core.steps.BaseStepListener - stepStarted: net.thucydides.core.steps.ExecutedStepDescription@798256c5
[Test worker] WARN net.thucydides.core.steps.BaseStepListener - stepStarted: net.thucydides.core.steps.ExecutedStepDescription@29c17c3d
[Test worker] WARN net.thucydides.core.steps.BaseStepListener - stepStarted: net.thucydides.core.steps.ExecutedStepDescription@59c04bee
[Test worker] WARN net.thucydides.core.steps.BaseStepListener - stepFinished: current outcome:Create a new user:Example: {strName=Juan David, strLastName=Celemin Rojas, strEmail=juan58@gmail.com, strPassword=Celemin.Rojas07, strConfirmPassword=Celemin.Rojas07, strConfirmation=Welcome to the world's largest community of freelance software testers!} [Given that Juan wants to register on the page [Juan open up [Juan opens the Utest page]], When he enters the required information in the form
| strName | strLastName | strEmail | strPassword | strConfirmPassword |
| Juan David | Celemin Rojas | juan58@gmail.com | Celemin.Rojas07 | Celemin.Rojas07 | [Juan insert user data [Juan clicks on button that enter at the form]]]
[Test worker] WARN net.thucydides.core.steps.BaseStepListener - stepStarted: net.thucydides.core.steps.ExecutedStepDescription@270d43a7
[Test worker] WARN net.thucydides.core.steps.BaseStepListener - stepFinished: current outcome:Create a new user:Example: {strName=Juan David, strLastName=Celemin Rojas, strEmail=juan58@gmail.com, strPassword=Celemin.Rojas07, strConfirmPassword=Celemin.Rojas07, strConfirmation=Welcome to the world's largest community of freelance software testers!} [Given that Juan wants to register on the page [Juan open up [Juan opens the Utest page]], When he enters the required information in the form
| strName | strLastName | strEmail | strPassword | strConfirmPassword |
| Juan David | Celemin Rojas | juan58@gmail.com | Celemin.Rojas07 | Celemin.Rojas07 | [Juan insert user data [Juan clicks on button that enter at the form, Juan enters 'Juan David' into write the name]]]
[Test worker] WARN net.thucydides.core.steps.BaseStepListener - stepStarted: net.thucydides.core.steps.ExecutedStepDescription@2abc8034
[Test worker] WARN net.thucydides.core.steps.BaseStepListener - stepFinished: current outcome:Create a new user:Example: {strName=Juan David, strLastName=Celemin Rojas, strEmail=juan58@gmail.com, strPassword=Celemin.Rojas07, strConfirmPassword=Celemin.Rojas07, strConfirmation=Welcome to the world's largest community of freelance software testers!} [Given that Juan wants to register on the page [Juan open up [Juan opens the Utest page]], When he enters the required information in the form
| strName | strLastName | strEmail | strPassword | strConfirmPassword |
| Juan David | Celemin Rojas | juan58@gmail.com | Celemin.Rojas07 | Celemin.Rojas07 | [Juan insert user data [Juan clicks on button that enter at the form, Juan enters 'Juan David' into write the name, Juan enters 'Celemin Rojas' into write the lastname]]]
[Test worker] WARN net.thucydides.core.steps.BaseStepListener - stepStarted: net.thucydides.core.steps.ExecutedStepDescription@413bef78
[Test worker] WARN net.thucydides.core.steps.BaseStepListener - stepFinished: current outcome:Create a new user:Example: {strName=Juan David, strLastName=Celemin Rojas, strEmail=juan58@gmail.com, strPassword=Celemin.Rojas07, strConfirmPassword=Celemin.Rojas07, strConfirmation=Welcome to the world's largest community of freelance software testers!} [Given that Juan wants to register on the page [Juan open up [Juan opens the Utest page]], When he enters the required information in the form
| strName | strLastName | strEmail | strPassword | strConfirmPassword |
| Juan David | Celemin Rojas | juan58@gmail.com | Celemin.Rojas07 | Celemin.Rojas07 | [Juan insert user data [Juan clicks on button that enter at the form, Juan enters 'Juan David' into write the name, Juan enters 'Celemin Rojas' into write the lastname, Juan enters 'juan58@gmail.com' into write the email]]]
[Test worker] WARN net.thucydides.core.steps.BaseStepListener - stepStarted: net.thucydides.core.steps.ExecutedStepDescription@66c9b52f
[Test worker] WARN net.thucydides.core.steps.BaseStepListener - stepFinished: current outcome:Create a new user:Example: {strName=Juan David, strLastName=Celemin Rojas, strEmail=juan58@gmail.com, strPassword=Celemin.Rojas07, strConfirmPassword=Celemin.Rojas07, strConfirmation=Welcome to the world's largest community of freelance software testers!} [Given that Juan wants to register on the page [Juan open up [Juan opens the Utest page]], When he enters the required information in the form
| strName | strLastName | strEmail | strPassword | strConfirmPassword |
| Juan David | Celemin Rojas | juan58@gmail.com | Celemin.Rojas07 | Celemin.Rojas07 | [Juan insert user data [Juan clicks on button that enter at the form, Juan enters 'Juan David' into write the name, Juan enters 'Celemin Rojas' into write the lastname, Juan enters 'juan58@gmail.com' into write the email, Juan clicks on write the month]]]
[Test worker] WARN net.thucydides.core.steps.BaseStepListener - stepStarted: net.thucydides.core.steps.ExecutedStepDescription@6e829e50
[Test worker] WARN net.thucydides.core.steps.BaseStepListener - stepFinished: current outcome:Create a new user:Example: {strName=Juan David, strLastName=Celemin Rojas, strEmail=juan58@gmail.com, strPassword=Celemin.Rojas07, strConfirmPassword=Celemin.Rojas07, strConfirmation=Welcome to the world's largest community of freelance software testers!} [Given that Juan wants to register on the page [Juan open up [Juan opens the Utest page]], When he enters the required information in the form
| strName | strLastName | strEmail | strPassword | strConfirmPassword |
| Juan David | Celemin Rojas | juan58@gmail.com | Celemin.Rojas07 | Celemin.Rojas07 | [Juan insert user data [Juan clicks on button that enter at the form, Juan enters 'Juan David' into write the name, Juan enters 'Celemin Rojas' into write the lastname, Juan enters 'juan58@gmail.com' into write the email, Juan clicks on write the month, Juan clicks on write the day]]]
[Test worker] WARN net.thucydides.core.steps.BaseStepListener - stepStarted: net.thucydides.core.steps.ExecutedStepDescription@5cff6b74
[Test worker] WARN net.thucydides.core.steps.BaseStepListener - stepFinished: current outcome:Create a new user:Example: {strName=Juan David, strLastName=Celemin Rojas, strEmail=juan58@gmail.com, strPassword=Celemin.Rojas07, strConfirmPassword=Celemin.Rojas07, strConfirmation=Welcome to the world's largest community of freelance software testers!} [Given that Juan wants to register on the page [Juan open up [Juan opens the Utest page]], When he enters the required information in the form
| strName | strLastName | strEmail | strPassword | strConfirmPassword |
| Juan David | Celemin Rojas | juan58@gmail.com | Celemin.Rojas07 | Celemin.Rojas07 | [Juan insert user data [Juan clicks on button that enter at the form, Juan enters 'Juan David' into write the name, Juan enters 'Celemin Rojas' into write the lastname, Juan enters 'juan58@gmail.com' into write the email, Juan clicks on write the month, Juan clicks on write the day, Juan clicks on write the year]]]
[Test worker] WARN net.thucydides.core.steps.BaseStepListener - stepStarted: net.thucydides.core.steps.ExecutedStepDescription@7364eed1
[Test worker] WARN net.thucydides.core.steps.BaseStepListener - stepFinished: current outcome:Create a new user:Example: {strName=Juan David, strLastName=Celemin Rojas, strEmail=juan58@gmail.com, strPassword=Celemin.Rojas07, strConfirmPassword=Celemin.Rojas07, strConfirmation=Welcome to the world's largest community of freelance software testers!} [Given that Juan wants to register on the page [Juan open up [Juan opens the Utest page]], When he enters the required information in the form
| strName | strLastName | strEmail | strPassword | strConfirmPassword |
| Juan David | Celemin Rojas | juan58@gmail.com | Celemin.Rojas07 | Celemin.Rojas07 | [Juan insert user data [Juan clicks on button that enter at the form, Juan enters 'Juan David' into write the name, Juan enters 'Celemin Rojas' into write the lastname, Juan enters 'juan58@gmail.com' into write the email, Juan clicks on write the month, Juan clicks on write the day, Juan clicks on write the year, Juan clicks on next location of register]]]
[Test worker] WARN net.thucydides.core.steps.BaseStepListener - stepStarted: net.thucydides.core.steps.ExecutedStepDescription@68ab6ab0
[Test worker] WARN net.thucydides.core.steps.BaseStepListener - stepFinished: current outcome:Create a new user:Example: {strName=Juan David, strLastName=Celemin Rojas, strEmail=juan58@gmail.com, strPassword=Celemin.Rojas07, strConfirmPassword=Celemin.Rojas07, strConfirmation=Welcome to the world's largest community of freelance software testers!} [Given that Juan wants to register on the page [Juan open up [Juan opens the Utest page]], When he enters the required information in the form
| strName | strLastName | strEmail | strPassword | strConfirmPassword |
| Juan David | Celemin Rojas | juan58@gmail.com | Celemin.Rojas07 | Celemin.Rojas07 | [Juan insert user data [Juan clicks on button that enter at the form, Juan enters 'Juan David' into write the name, Juan enters 'Celemin Rojas' into write the lastname, Juan enters 'juan58@gmail.com' into write the email, Juan clicks on write the month, Juan clicks on write the day, Juan clicks on write the year, Juan clicks on next location of register, Juan clicks on next location of register]]]
[Test worker] WARN net.thucydides.core.steps.BaseStepListener - stepStarted: net.thucydides.core.steps.ExecutedStepDescription@3a4aadf8
[Test worker] WARN net.thucydides.core.steps.BaseStepListener - stepFinished: current outcome:Create a new user:Example: {strName=Juan David, strLastName=Celemin Rojas, strEmail=juan58@gmail.com, strPassword=Celemin.Rojas07, strConfirmPassword=Celemin.Rojas07, strConfirmation=Welcome to the world's largest community of freelance software testers!} [Given that Juan wants to register on the page [Juan open up [Juan opens the Utest page]], When he enters the required information in the form
| strName | strLastName | strEmail | strPassword | strConfirmPassword |
| Juan David | Celemin Rojas | juan58@gmail.com | Celemin.Rojas07 | Celemin.Rojas07 | [Juan insert user data [Juan clicks on button that enter at the form, Juan enters 'Juan David' into write the name, Juan enters 'Celemin Rojas' into write the lastname, Juan enters 'juan58@gmail.com' into write the email, Juan clicks on write the month, Juan clicks on write the day, Juan clicks on write the year, Juan clicks on next location of register, Juan clicks on next location of register, Juan clicks on next location of register]]]
[Test worker] WARN net.thucydides.core.steps.BaseStepListener - stepStarted: net.thucydides.core.steps.ExecutedStepDescription@71e7adbb
[Test worker] WARN net.thucydides.core.steps.BaseStepListener - stepFinished: current outcome:Create a new user:Example: {strName=Juan David, strLastName=Celemin Rojas, strEmail=juan58@gmail.com, strPassword=Celemin.Rojas07, strConfirmPassword=Celemin.Rojas07, strConfirmation=Welcome to the world's largest community of freelance software testers!} [Given that Juan wants to register on the page [Juan open up [Juan opens the Utest page]], When he enters the required information in the form
| strName | strLastName | strEmail | strPassword | strConfirmPassword |
| Juan David | Celemin Rojas | juan58@gmail.com | Celemin.Rojas07 | Celemin.Rojas07 | [Juan insert user data [Juan clicks on button that enter at the form, Juan enters 'Juan David' into write the name, Juan enters 'Celemin Rojas' into write the lastname, Juan enters 'juan58@gmail.com' into write the email, Juan clicks on write the month, Juan clicks on write the day, Juan clicks on write the year, Juan clicks on next location of register, Juan clicks on next location of register, Juan clicks on next location of register, Juan clicks on next location of register]]]
[Test worker] WARN net.thucydides.core.steps.BaseStepListener - stepStarted: net.thucydides.core.steps.ExecutedStepDescription@5190010f
[Test worker] WARN net.thucydides.core.steps.BaseStepListener - stepFinished: current outcome:Create a new user:Example: {strName=Juan David, strLastName=Celemin Rojas, strEmail=juan58@gmail.com, strPassword=Celemin.Rojas07, strConfirmPassword=Celemin.Rojas07, strConfirmation=Welcome to the world's largest community of freelance software testers!} [Given that Juan wants to register on the page [Juan open up [Juan opens the Utest page]], When he enters the required information in the form
| strName | strLastName | strEmail | strPassword | strConfirmPassword |
| Juan David | Celemin Rojas | juan58@gmail.com | Celemin.Rojas07 | Celemin.Rojas07 | [Juan insert user data [Juan clicks on button that enter at the form, Juan enters 'Juan David' into write the name, Juan enters 'Celemin Rojas' into write the lastname, Juan enters 'juan58@gmail.com' into write the email, Juan clicks on write the month, Juan clicks on write the day, Juan clicks on write the year, Juan clicks on next location of register, Juan clicks on next location of register, Juan clicks on next location of register, Juan clicks on next location of register, Juan clicks on next location of register]]]
[Test worker] WARN net.thucydides.core.steps.BaseStepListener - stepStarted: net.thucydides.core.steps.ExecutedStepDescription@11381415
[Test worker] WARN net.thucydides.core.steps.BaseStepListener - stepFinished: current outcome:Create a new user:Example: {strName=Juan David, strLastName=Celemin Rojas, strEmail=juan58@gmail.com, strPassword=Celemin.Rojas07, strConfirmPassword=Celemin.Rojas07, strConfirmation=Welcome to the world's largest community of freelance software testers!} [Given that Juan wants to register on the page [Juan open up [Juan opens the Utest page]], When he enters the required information in the form
| strName | strLastName | strEmail | strPassword | strConfirmPassword |
| Juan David | Celemin Rojas | juan58@gmail.com | Celemin.Rojas07 | Celemin.Rojas07 | [Juan insert user data [Juan clicks on button that enter at the form, Juan enters 'Juan David' into write the name, Juan enters 'Celemin Rojas' into write the lastname, Juan enters 'juan58@gmail.com' into write the email, Juan clicks on write the month, Juan clicks on write the day, Juan clicks on write the year, Juan clicks on next location of register, Juan clicks on next location of register, Juan clicks on next location of register, Juan clicks on next location of register, Juan clicks on next location of register, Juan clicks on next location of register]]]
[Test worker] WARN net.thucydides.core.steps.BaseStepListener - stepStarted: net.thucydides.core.steps.ExecutedStepDescription@19489b27
[Test worker] WARN net.thucydides.core.steps.BaseStepListener - stepFinished: current outcome:Create a new user:Example: {strName=Juan David, strLastName=Celemin Rojas, strEmail=juan58@gmail.com, strPassword=Celemin.Rojas07, strConfirmPassword=Celemin.Rojas07, strConfirmation=Welcome to the world's largest community of freelance software testers!} [Given that Juan wants to register on the page [Juan open up [Juan opens the Utest page]], When he enters the required information in the form
| strName | strLastName | strEmail | strPassword | strConfirmPassword |
| Juan David | Celemin Rojas | juan58@gmail.com | Celemin.Rojas07 | Celemin.Rojas07 | [Juan insert user data [Juan clicks on button that enter at the form, Juan enters 'Juan David' into write the name, Juan enters 'Celemin Rojas' into write the lastname, Juan enters 'juan58@gmail.com' into write the email, Juan clicks on write the month, Juan clicks on write the day, Juan clicks on write the year, Juan clicks on next location of register, Juan clicks on next location of register, Juan clicks on next location of register, Juan clicks on next location of register, Juan clicks on next location of register, Juan clicks on next location of register, Juan clicks on next location of register]]]
[Test worker] WARN net.thucydides.core.steps.BaseStepListener - stepStarted: net.thucydides.core.steps.ExecutedStepDescription@2213639b
[Test worker] WARN net.thucydides.core.steps.BaseStepListener - stepFinished: current outcome:Create a new user:Example: {strName=Juan David, strLastName=Celemin Rojas, strEmail=juan58@gmail.com, strPassword=Celemin.Rojas07, strConfirmPassword=Celemin.Rojas07, strConfirmation=Welcome to the world's largest community of freelance software testers!} [Given that Juan wants to register on the page [Juan open up [Juan opens the Utest page]], When he enters the required information in the form
| strName | strLastName | strEmail | strPassword | strConfirmPassword |
| Juan David | Celemin Rojas | juan58@gmail.com | Celemin.Rojas07 | Celemin.Rojas07 | [Juan insert user data [Juan clicks on button that enter at the form, Juan enters 'Juan David' into write the name, Juan enters 'Celemin Rojas' into write the lastname, Juan enters 'juan58@gmail.com' into write the email, Juan clicks on write the month, Juan clicks on write the day, Juan clicks on write the year, Juan clicks on next location of register, Juan clicks on next location of register, Juan clicks on next location of register, Juan clicks on next location of register, Juan clicks on next location of register, Juan clicks on next location of register, Juan clicks on next location of register, Juan clicks on next location of register]]]
[Test worker] WARN net.thucydides.core.steps.BaseStepListener - stepStarted: net.thucydides.core.steps.ExecutedStepDescription@6ad179b4
[Test worker] WARN net.thucydides.core.steps.BaseStepListener - stepFinished: current outcome:Create a new user:Example: {strName=Juan David, strLastName=Celemin Rojas, strEmail=juan58@gmail.com, strPassword=Celemin.Rojas07, strConfirmPassword=Celemin.Rojas07, strConfirmation=Welcome to the world's largest community of freelance software testers!} [Given that Juan wants to register on the page [Juan open up [Juan opens the Utest page]], When he enters the required information in the form
| strName | strLastName | strEmail | strPassword | strConfirmPassword |
| Juan David | Celemin Rojas | juan58@gmail.com | Celemin.Rojas07 | Celemin.Rojas07 | [Juan insert user data [Juan clicks on button that enter at the form, Juan enters 'Juan David' into write the name, Juan enters 'Celemin Rojas' into write the lastname, Juan enters 'juan58@gmail.com' into write the email, Juan clicks on write the month, Juan clicks on write the day, Juan clicks on write the year, Juan clicks on next location of register, Juan clicks on next location of register, Juan clicks on next location of register, Juan clicks on next location of register, Juan clicks on next location of register, Juan clicks on next location of register, Juan clicks on next location of register, Juan clicks on next location of register, Juan clicks on next location of register]]]
[Test worker] WARN net.thucydides.core.steps.BaseStepListener - stepStarted: net.thucydides.core.steps.ExecutedStepDescription@357bc488
[Test worker] WARN net.thucydides.core.steps.BaseStepListener - stepFinished: current outcome:Create a new user:Example: {strName=Juan David, strLastName=Celemin Rojas, strEmail=juan58@gmail.com, strPassword=Celemin.Rojas07, strConfirmPassword=Celemin.Rojas07, strConfirmation=Welcome to the world's largest community of freelance software testers!} [Given that Juan wants to register on the page [Juan open up [Juan opens the Utest page]], When he enters the required information in the form
| strName | strLastName | strEmail | strPassword | strConfirmPassword |
| Juan David | Celemin Rojas | juan58@gmail.com | Celemin.Rojas07 | Celemin.Rojas07 | [Juan insert user data [Juan clicks on button that enter at the form, Juan enters 'Juan David' into write the name, Juan enters 'Celemin Rojas' into write the lastname, Juan enters 'juan58@gmail.com' into write the email, Juan clicks on write the month, Juan clicks on write the day, Juan clicks on write the year, Juan clicks on next location of register, Juan clicks on next location of register, Juan clicks on next location of register, Juan clicks on next location of register, Juan clicks on next location of register, Juan clicks on next location of register, Juan clicks on next location of register, Juan clicks on next location of register, Juan clicks on next location of register, Juan clicks on next location of register]]]
[Test worker] WARN net.thucydides.core.steps.BaseStepListener - stepStarted: net.thucydides.core.steps.ExecutedStepDescription@3dce6dd8
[Test worker] WARN net.thucydides.core.steps.BaseStepListener - stepFinished: current outcome:Create a new user:Example: {strName=Juan David, strLastName=Celemin Rojas, strEmail=juan58@gmail.com, strPassword=Celemin.Rojas07, strConfirmPassword=Celemin.Rojas07, strConfirmation=Welcome to the world's largest community of freelance software testers!} [Given that Juan wants to register on the page [Juan open up [Juan opens the Utest page]], When he enters the required information in the form
| strName | strLastName | strEmail | strPassword | strConfirmPassword |
| Juan David | Celemin Rojas | juan58@gmail.com | Celemin.Rojas07 | Celemin.Rojas07 | [Juan insert user data [Juan clicks on button that enter at the form, Juan enters 'Juan David' into write the name, Juan enters 'Celemin Rojas' into write the lastname, Juan enters 'juan58@gmail.com' into write the email, Juan clicks on write the month, Juan clicks on write the day, Juan clicks on write the year, Juan clicks on next location of register, Juan clicks on next location of register, Juan clicks on next location of register, Juan clicks on next location of register, Juan clicks on next location of register, Juan clicks on next location of register, Juan clicks on next location of register, Juan clicks on next location of register, Juan clicks on next location of register, Juan clicks on next location of register, Juan clicks on next location of register]]]
[Test worker] WARN net.thucydides.core.steps.BaseStepListener - stepStarted: net.thucydides.core.steps.ExecutedStepDescription@79b18230
[Test worker] WARN net.thucydides.core.steps.BaseStepListener - stepFinished: current outcome:Create a new user:Example: {strName=Juan David, strLastName=Celemin Rojas, strEmail=juan58@gmail.com, strPassword=Celemin.Rojas07, strConfirmPassword=Celemin.Rojas07, strConfirmation=Welcome to the world's largest community of freelance software testers!} [Given that Juan wants to register on the page [Juan open up [Juan opens the Utest page]], When he enters the required information in the form
| strName | strLastName | strEmail | strPassword | strConfirmPassword |
| Juan David | Celemin Rojas | juan58@gmail.com | Celemin.Rojas07 | Celemin.Rojas07 | [Juan insert user data [Juan clicks on button that enter at the form, Juan enters 'Juan David' into write the name, Juan enters 'Celemin Rojas' into write the lastname, Juan enters 'juan58@gmail.com' into write the email, Juan clicks on write the month, Juan clicks on write the day, Juan clicks on write the year, Juan clicks on next location of register, Juan clicks on next location of register, Juan clicks on next location of register, Juan clicks on next location of register, Juan clicks on next location of register, Juan clicks on next location of register, Juan clicks on next location of register, Juan clicks on next location of register, Juan clicks on next location of register, Juan clicks on next location of register, Juan clicks on next location of register, Juan clicks on next location of register]]]
[Test worker] WARN net.thucydides.core.steps.BaseStepListener - stepStarted: net.thucydides.core.steps.ExecutedStepDescription@388c519
[Test worker] WARN net.thucydides.core.steps.BaseStepListener - stepFinished: current outcome:Create a new user:Example: {strName=Juan David, strLastName=Celemin Rojas, strEmail=juan58@gmail.com, strPassword=Celemin.Rojas07, strConfirmPassword=Celemin.Rojas07, strConfirmation=Welcome to the world's largest community of freelance software testers!} [Given that Juan wants to register on the page [Juan open up [Juan opens the Utest page]], When he enters the required information in the form
| strName | strLastName | strEmail | strPassword | strConfirmPassword |
| Juan David | Celemin Rojas | juan58@gmail.com | Celemin.Rojas07 | Celemin.Rojas07 | [Juan insert user data [Juan clicks on button that enter at the form, Juan enters 'Juan David' into write the name, Juan enters 'Celemin Rojas' into write the lastname, Juan enters 'juan58@gmail.com' into write the email, Juan clicks on write the month, Juan clicks on write the day, Juan clicks on write the year, Juan clicks on next location of register, Juan clicks on next location of register, Juan clicks on next location of register, Juan clicks on next location of register, Juan clicks on next location of register, Juan clicks on next location of register, Juan clicks on next location of register, Juan clicks on next location of register, Juan clicks on next location of register, Juan clicks on next location of register, Juan clicks on next location of register, Juan clicks on next location of register, Juan clicks on next location of register]]]
[Test worker] WARN net.thucydides.core.steps.BaseStepListener - stepStarted: net.thucydides.core.steps.ExecutedStepDescription@6dca31eb
[Test worker] WARN net.thucydides.core.steps.BaseStepListener - stepFinished: current outcome:Create a new user:Example: {strName=Juan David, strLastName=Celemin Rojas, strEmail=juan58@gmail.com, strPassword=Celemin.Rojas07, strConfirmPassword=Celemin.Rojas07, strConfirmation=Welcome to the world's largest community of freelance software testers!} [Given that Juan wants to register on the page [Juan open up [Juan opens the Utest page]], When he enters the required information in the form
| strName | strLastName | strEmail | strPassword | strConfirmPassword |
| Juan David | Celemin Rojas | juan58@gmail.com | Celemin.Rojas07 | Celemin.Rojas07 | [Juan insert user data [Juan clicks on button that enter at the form, Juan enters 'Juan David' into write the name, Juan enters 'Celemin Rojas' into write the lastname, Juan enters 'juan58@gmail.com' into write the email, Juan clicks on write the month, Juan clicks on write the day, Juan clicks on write the year, Juan clicks on next location of register, Juan clicks on next location of register, Juan clicks on next location of register, Juan clicks on next location of register, Juan clicks on next location of register, Juan clicks on next location of register, Juan clicks on next location of register, Juan clicks on next location of register, Juan clicks on next location of register, Juan clicks on next location of register, Juan clicks on next location of register, Juan clicks on next location of register, Juan clicks on next location of register, Juan clicks on next location of register]]]
[Test worker] WARN net.thucydides.core.steps.BaseStepListener - stepStarted: net.thucydides.core.steps.ExecutedStepDescription@2b6c7012
[Test worker] WARN net.thucydides.core.steps.BaseStepListener - stepFinished: current outcome:Create a new user:Example: {strName=Juan David, strLastName=Celemin Rojas, strEmail=juan58@gmail.com, strPassword=Celemin.Rojas07, strConfirmPassword=Celemin.Rojas07, strConfirmation=Welcome to the world's largest community of freelance software testers!} [Given that Juan wants to register on the page [Juan open up [Juan opens the Utest page]], When he enters the required information in the form
| strName | strLastName | strEmail | strPassword | strConfirmPassword |
| Juan David | Celemin Rojas | juan58@gmail.com | Celemin.Rojas07 | Celemin.Rojas07 | [Juan insert user data [Juan clicks on button that enter at the form, Juan enters 'Juan David' into write the name, Juan enters 'Celemin Rojas' into write the lastname, Juan enters 'juan58@gmail.com' into write the email, Juan clicks on write the month, Juan clicks on write the day, Juan clicks on write the year, Juan clicks on next location of register, Juan clicks on next location of register, Juan clicks on next location of register, Juan clicks on next location of register, Juan clicks on next location of register, Juan clicks on next location of register, Juan clicks on next location of register, Juan clicks on next location of register, Juan clicks on next location of register, Juan clicks on next location of register, Juan clicks on next location of register, Juan clicks on next location of register, Juan clicks on next location of register, Juan clicks on next location of register, Juan clicks on next location of register]]]
[Test worker] WARN net.thucydides.core.steps.BaseStepListener - stepStarted: net.thucydides.core.steps.ExecutedStepDescription@1cbc1dde
[Test worker] WARN net.thucydides.core.steps.BaseStepListener - stepFinished: current outcome:Create a new user:Example: {strName=Juan David, strLastName=Celemin Rojas, strEmail=juan58@gmail.com, strPassword=Celemin.Rojas07, strConfirmPassword=Celemin.Rojas07, strConfirmation=Welcome to the world's largest community of freelance software testers!} [Given that Juan wants to register on the page [Juan open up [Juan opens the Utest page]], When he enters the required information in the form
| strName | strLastName | strEmail | strPassword | strConfirmPassword |
| Juan David | Celemin Rojas | juan58@gmail.com | Celemin.Rojas07 | Celemin.Rojas07 | [Juan insert user data [Juan clicks on button that enter at the form, Juan enters 'Juan David' into write the name, Juan enters 'Celemin Rojas' into write the lastname, Juan enters 'juan58@gmail.com' into write the email, Juan clicks on write the month, Juan clicks on write the day, Juan clicks on write the year, Juan clicks on next location of register, Juan clicks on next location of register, Juan clicks on next location of register, Juan clicks on next location of register, Juan clicks on next location of register, Juan clicks on next location of register, Juan clicks on next location of register, Juan clicks on next location of register, Juan clicks on next location of register, Juan clicks on next location of register, Juan clicks on next location of register, Juan clicks on next location of register, Juan clicks on next location of register, Juan clicks on next location of register, Juan clicks on next location of register, Juan enters 'Celemin.Rojas07' into next location of register]]]
[Test worker] WARN net.thucydides.core.steps.BaseStepListener - stepStarted: net.thucydides.core.steps.ExecutedStepDescription@7fb8bad0
[Test worker] WARN net.thucydides.core.steps.BaseStepListener - stepFinished: current outcome:Create a new user:Example: {strName=Juan David, strLastName=Celemin Rojas, strEmail=juan58@gmail.com, strPassword=Celemin.Rojas07, strConfirmPassword=Celemin.Rojas07, strConfirmation=Welcome to the world's largest community of freelance software testers!} [Given that Juan wants to register on the page [Juan open up [Juan opens the Utest page]], When he enters the required information in the form
| strName | strLastName | strEmail | strPassword | strConfirmPassword |
| Juan David | Celemin Rojas | juan58@gmail.com | Celemin.Rojas07 | Celemin.Rojas07 | [Juan insert user data [Juan clicks on button that enter at the form, Juan enters 'Juan David' into write the name, Juan enters 'Celemin Rojas' into write the lastname, Juan enters 'juan58@gmail.com' into write the email, Juan clicks on write the month, Juan clicks on write the day, Juan clicks on write the year, Juan clicks on next location of register, Juan clicks on next location of register, Juan clicks on next location of register, Juan clicks on next location of register, Juan clicks on next location of register, Juan clicks on next location of register, Juan clicks on next location of register, Juan clicks on next location of register, Juan clicks on next location of register, Juan clicks on next location of register, Juan clicks on next location of register, Juan clicks on next location of register, Juan clicks on next location of register, Juan clicks on next location of register, Juan clicks on next location of register, Juan enters 'Celemin.Rojas07' into next location of register, Juan enters 'Celemin.Rojas07' into next location of register]]]
[Test worker] WARN net.thucydides.core.steps.BaseStepListener - stepStarted: net.thucydides.core.steps.ExecutedStepDescription@166c2c17
[Test worker] WARN net.thucydides.core.steps.BaseStepListener - stepFinished: current outcome:Create a new user:Example: {strName=Juan David, strLastName=Celemin Rojas, strEmail=juan58@gmail.com, strPassword=Celemin.Rojas07, strConfirmPassword=Celemin.Rojas07, strConfirmation=Welcome to the world's largest community of freelance software testers!} [Given that Juan wants to register on the page [Juan open up [Juan opens the Utest page]], When he enters the required information in the form
| strName | strLastName | strEmail | strPassword | strConfirmPassword |
| Juan David | Celemin Rojas | juan58@gmail.com | Celemin.Rojas07 | Celemin.Rojas07 | [Juan insert user data [Juan clicks on button that enter at the form, Juan enters 'Juan David' into write the name, Juan enters 'Celemin Rojas' into write the lastname, Juan enters 'juan58@gmail.com' into write the email, Juan clicks on write the month, Juan clicks on write the day, Juan clicks on write the year, Juan clicks on next location of register, Juan clicks on next location of register, Juan clicks on next location of register, Juan clicks on next location of register, Juan clicks on next location of register, Juan clicks on next location of register, Juan clicks on next location of register, Juan clicks on next location of register, Juan clicks on next location of register, Juan clicks on next location of register, Juan clicks on next location of register, Juan clicks on next location of register, Juan clicks on next location of register, Juan clicks on next location of register, Juan clicks on next location of register, Juan enters 'Celemin.Rojas07' into next location of register, Juan enters 'Celemin.Rojas07' into next location of register, Juan clicks on next location of register]]]
[Test worker] WARN net.thucydides.core.steps.BaseStepListener - stepStarted: net.thucydides.core.steps.ExecutedStepDescription@38fb50f8
[Test worker] WARN net.thucydides.core.steps.BaseStepListener - stepFinished: current outcome:Create a new user:Example: {strName=Juan David, strLastName=Celemin Rojas, strEmail=juan58@gmail.com, strPassword=Celemin.Rojas07, strConfirmPassword=Celemin.Rojas07, strConfirmation=Welcome to the world's largest community of freelance software testers!} [Given that Juan wants to register on the page [Juan open up [Juan opens the Utest page]], When he enters the required information in the form
| strName | strLastName | strEmail | strPassword | strConfirmPassword |
| Juan David | Celemin Rojas | juan58@gmail.com | Celemin.Rojas07 | Celemin.Rojas07 | [Juan insert user data [Juan clicks on button that enter at the form, Juan enters 'Juan David' into write the name, Juan enters 'Celemin Rojas' into write the lastname, Juan enters 'juan58@gmail.com' into write the email, Juan clicks on write the month, Juan clicks on write the day, Juan clicks on write the year, Juan clicks on next location of register, Juan clicks on next location of register, Juan clicks on next location of register, Juan clicks on next location of register, Juan clicks on next location of register, Juan clicks on next location of register, Juan clicks on next location of register, Juan clicks on next location of register, Juan clicks on next location of register, Juan clicks on next location of register, Juan clicks on next location of register, Juan clicks on next location of register, Juan clicks on next location of register, Juan clicks on next location of register, Juan clicks on next location of register, Juan enters 'Celemin.Rojas07' into next location of register, Juan enters 'Celemin.Rojas07' into next location of register, Juan clicks on next location of register, Juan clicks on next location of register]]]
[Test worker] WARN net.thucydides.core.steps.BaseStepListener - stepStarted: net.thucydides.core.steps.ExecutedStepDescription@3fdcde7a
[Test worker] WARN net.thucydides.core.steps.BaseStepListener - stepFinished: current outcome:Create a new user:Example: {strName=Juan David, strLastName=Celemin Rojas, strEmail=juan58@gmail.com, strPassword=Celemin.Rojas07, strConfirmPassword=Celemin.Rojas07, strConfirmation=Welcome to the world's largest community of freelance software testers!} [Given that Juan wants to register on the page [Juan open up [Juan opens the Utest page]], When he enters the required information in the form
| strName | strLastName | strEmail | strPassword | strConfirmPassword |
| Juan David | Celemin Rojas | juan58@gmail.com | Celemin.Rojas07 | Celemin.Rojas07 | [Juan insert user data [Juan clicks on button that enter at the form, Juan enters 'Juan David' into write the name, Juan enters 'Celemin Rojas' into write the lastname, Juan enters 'juan58@gmail.com' into write the email, Juan clicks on write the month, Juan clicks on write the day, Juan clicks on write the year, Juan clicks on next location of register, Juan clicks on next location of register, Juan clicks on next location of register, Juan clicks on next location of register, Juan clicks on next location of register, Juan clicks on next location of register, Juan clicks on next location of register, Juan clicks on next location of register, Juan clicks on next location of register, Juan clicks on next location of register, Juan clicks on next location of register, Juan clicks on next location of register, Juan clicks on next location of register, Juan clicks on next location of register, Juan clicks on next location of register, Juan enters 'Celemin.Rojas07' into next location of register, Juan enters 'Celemin.Rojas07' into next location of register, Juan clicks on next location of register, Juan clicks on next location of register, Juan clicks on next location of register]]]
[Test worker] WARN net.thucydides.core.steps.BaseStepListener - stepFinished: current outcome:Create a new user:Example: {strName=Juan David, strLastName=Celemin Rojas, strEmail=juan58@gmail.com, strPassword=Celemin.Rojas07, strConfirmPassword=Celemin.Rojas07, strConfirmation=Welcome to the world's largest community of freelance software testers!} [Given that Juan wants to register on the page [Juan open up [Juan opens the Utest page]], When he enters the required information in the form
| strName | strLastName | strEmail | strPassword | strConfirmPassword |
| Juan David | Celemin Rojas | juan58@gmail.com | Celemin.Rojas07 | Celemin.Rojas07 | [Juan insert user data [Juan clicks on button that enter at the form, Juan enters 'Juan David' into write the name, Juan enters 'Celemin Rojas' into write the lastname, Juan enters 'juan58@gmail.com' into write the email, Juan clicks on write the month, Juan clicks on write the day, Juan clicks on write the year, Juan clicks on next location of register, Juan clicks on next location of register, Juan clicks on next location of register, Juan clicks on next location of register, Juan clicks on next location of register, Juan clicks on next location of register, Juan clicks on next location of register, Juan clicks on next location of register, Juan clicks on next location of register, Juan clicks on next location of register, Juan clicks on next location of register, Juan clicks on next location of register, Juan clicks on next location of register, Juan clicks on next location of register, Juan clicks on next location of register, Juan enters 'Celemin.Rojas07' into next location of register, Juan enters 'Celemin.Rojas07' into next location of register, Juan clicks on next location of register, Juan clicks on next location of register, Juan clicks on next location of register]]]
[Test worker] WARN net.thucydides.core.steps.BaseStepListener - stepFinished: current outcome:Create a new user:Example: {strName=Juan David, strLastName=Celemin Rojas, strEmail=juan58@gmail.com, strPassword=Celemin.Rojas07, strConfirmPassword=Celemin.Rojas07, strConfirmation=Welcome to the world's largest community of freelance software testers!} [Given that Juan wants to register on the page [Juan open up [Juan opens the Utest page]], When he enters the required information in the form
| strName | strLastName | strEmail | strPassword | strConfirmPassword |
| Juan David | Celemin Rojas | juan58@gmail.com | Celemin.Rojas07 | Celemin.Rojas07 | [Juan insert user data [Juan clicks on button that enter at the form, Juan enters 'Juan David' into write the name, Juan enters 'Celemin Rojas' into write the lastname, Juan enters 'juan58@gmail.com' into write the email, Juan clicks on write the month, Juan clicks on write the day, Juan clicks on write the year, Juan clicks on next location of register, Juan clicks on next location of register, Juan clicks on next location of register, Juan clicks on next location of register, Juan clicks on next location of register, Juan clicks on next location of register, Juan clicks on next location of register, Juan clicks on next location of register, Juan clicks on next location of register, Juan clicks on next location of register, Juan clicks on next location of register, Juan clicks on next location of register, Juan clicks on next location of register, Juan clicks on next location of register, Juan clicks on next location of register, Juan enters 'Celemin.Rojas07' into next location of register, Juan enters 'Celemin.Rojas07' into next location of register, Juan clicks on next location of register, Juan clicks on next location of register, Juan clicks on next location of register]]]
[Test worker] WARN net.thucydides.core.steps.BaseStepListener - stepStarted: net.thucydides.core.steps.ExecutedStepDescription@587c5c1
[Test worker] WARN net.thucydides.core.steps.BaseStepListener - stepStarted: net.thucydides.core.steps.ExecutedStepDescription@5a4dda2
[Test worker] WARN net.thucydides.core.steps.BaseStepListener - stepFinished: current outcome:Create a new user:Example: {strName=Juan David, strLastName=Celemin Rojas, strEmail=juan58@gmail.com, strPassword=Celemin.Rojas07, strConfirmPassword=Celemin.Rojas07, strConfirmation=Welcome to the world's largest community of freelance software testers!} [Given that Juan wants to register on the page [Juan open up [Juan opens the Utest page]], When he enters the required information in the form
| strName | strLastName | strEmail | strPassword | strConfirmPassword |
| Juan David | Celemin Rojas | juan58@gmail.com | Celemin.Rojas07 | Celemin.Rojas07 | [Juan insert user data [Juan clicks on button that enter at the form, Juan enters 'Juan David' into write the name, Juan enters 'Celemin Rojas' into write the lastname, Juan enters 'juan58@gmail.com' into write the email, Juan clicks on write the month, Juan clicks on write the day, Juan clicks on write the year, Juan clicks on next location of register, Juan clicks on next location of register, Juan clicks on next location of register, Juan clicks on next location of register, Juan clicks on next location of register, Juan clicks on next location of register, Juan clicks on next location of register, Juan clicks on next location of register, Juan clicks on next location of register, Juan clicks on next location of register, Juan clicks on next location of register, Juan clicks on next location of register, Juan clicks on next location of register, Juan clicks on next location of register, Juan clicks on next location of register, Juan enters 'Celemin.Rojas07' into next location of register, Juan enters 'Celemin.Rojas07' into next location of register, Juan clicks on next location of register, Juan clicks on next location of register, Juan clicks on next location of register]], Then a successful registration message is displayed
| strConfirmation |
| Welcome to the world's largest community of freelance software testers! | [Then answer]]
[Test worker] WARN net.thucydides.core.steps.BaseStepListener - stepFinished: current outcome:Create a new user:Example: {strName=Juan David, strLastName=Celemin Rojas, strEmail=juan58@gmail.com, strPassword=Celemin.Rojas07, strConfirmPassword=Celemin.Rojas07, strConfirmation=Welcome to the world's largest community of freelance software testers!} [Given that Juan wants to register on the page [Juan open up [Juan opens the Utest page]], When he enters the required information in the form
| strName | strLastName | strEmail | strPassword | strConfirmPassword |
| Juan David | Celemin Rojas | juan58@gmail.com | Celemin.Rojas07 | Celemin.Rojas07 | [Juan insert user data [Juan clicks on button that enter at the form, Juan enters 'Juan David' into write the name, Juan enters 'Celemin Rojas' into write the lastname, Juan enters 'juan58@gmail.com' into write the email, Juan clicks on write the month, Juan clicks on write the day, Juan clicks on write the year, Juan clicks on next location of register, Juan clicks on next location of register, Juan clicks on next location of register, Juan clicks on next location of register, Juan clicks on next location of register, Juan clicks on next location of register, Juan clicks on next location of register, Juan clicks on next location of register, Juan clicks on next location of register, Juan clicks on next location of register, Juan clicks on next location of register, Juan clicks on next location of register, Juan clicks on next location of register, Juan clicks on next location of register, Juan clicks on next location of register, Juan enters 'Celemin.Rojas07' into next location of register, Juan enters 'Celemin.Rojas07' into next location of register, Juan clicks on next location of register, Juan clicks on next location of register, Juan clicks on next location of register]], Then a successful registration message is displayed
| strConfirmation |
| Welcome to the world's largest community of freelance software testers! | [Then answer]]
[Test worker] WARN net.thucydides.core.steps.BaseStepListener - stepFinished: current outcome:Create a new user:Example: {strName=Juan David, strLastName=Celemin Rojas, strEmail=juan58@gmail.com, strPassword=Celemin.Rojas07, strConfirmPassword=Celemin.Rojas07, strConfirmation=Welcome to the world's largest community of freelance software testers!} [Given that Juan wants to register on the page [Juan open up [Juan opens the Utest page]], When he enters the required information in the form
| strName | strLastName | strEmail | strPassword | strConfirmPassword |
| Juan David | Celemin Rojas | juan58@gmail.com | Celemin.Rojas07 | Celemin.Rojas07 | [Juan insert user data [Juan clicks on button that enter at the form, Juan enters 'Juan David' into write the name, Juan enters 'Celemin Rojas' into write the lastname, Juan enters 'juan58@gmail.com' into write the email, Juan clicks on write the month, Juan clicks on write the day, Juan clicks on write the year, Juan clicks on next location of register, Juan clicks on next location of register, Juan clicks on next location of register, Juan clicks on next location of register, Juan clicks on next location of register, Juan clicks on next location of register, Juan clicks on next location of register, Juan clicks on next location of register, Juan clicks on next location of register, Juan clicks on next location of register, Juan clicks on next location of register, Juan clicks on next location of register, Juan clicks on next location of register, Juan clicks on next location of register, Juan clicks on next location of register, Juan enters 'Celemin.Rojas07' into next location of register, Juan enters 'Celemin.Rojas07' into next location of register, Juan clicks on next location of register, Juan clicks on next location of register, Juan clicks on next location of register]], Then a successful registration message is displayed
| strConfirmation |
| Welcome to the world's largest community of freelance software testers! | [Then answer]]
[Test worker] WARN net.thucydides.core.steps.BaseStepListener - testFinished: Create a new user:Example: {strName=Juan David, strLastName=Celemin Rojas, strEmail=juan58@gmail.com, strPassword=Celemin.Rojas07, strConfirmPassword=Celemin.Rojas07, strConfirmation=Welcome to the world's largest community of freelance software testers!} [Given that Juan wants to register on the page [Juan open up [Juan opens the Utest page]], When he enters the required information in the form
| strName | strLastName | strEmail | strPassword | strConfirmPassword |
| Juan David | Celemin Rojas | juan58@gmail.com | Celemin.Rojas07 | Celemin.Rojas07 | [Juan insert user data [Juan clicks on button that enter at the form, Juan enters 'Juan David' into write the name, Juan enters 'Celemin Rojas' into write the lastname, Juan enters 'juan58@gmail.com' into write the email, Juan clicks on write the month, Juan clicks on write the day, Juan clicks on write the year, Juan clicks on next location of register, Juan clicks on next location of register, Juan clicks on next location of register, Juan clicks on next location of register, Juan clicks on next location of register, Juan clicks on next location of register, Juan clicks on next location of register, Juan clicks on next location of register, Juan clicks on next location of register, Juan clicks on next location of register, Juan clicks on next location of register, Juan clicks on next location of register, Juan clicks on next location of register, Juan clicks on next location of register, Juan clicks on next location of register, Juan enters 'Celemin.Rojas07' into next location of register, Juan enters 'Celemin.Rojas07' into next location of register, Juan clicks on next location of register, Juan clicks on next location of register, Juan clicks on next location of register]], Then a successful registration message is displayed
| strConfirmation |
| Welcome to the world's largest community of freelance software testers! | [Then answer]]
[Test worker] WARN net.thucydides.core.steps.BaseStepListener - TestOutcomes: [Create a new user:Example: {strName=Juan David, strLastName=Celemin Rojas, strEmail=juan58@gmail.com, strPassword=Celemin.Rojas07, strConfirmPassword=Celemin.Rojas07, strConfirmation=Welcome to the world's largest community of freelance software testers!} [Given that Juan wants to register on the page [Juan open up [Juan opens the Utest page]], When he enters the required information in the form
| strName | strLastName | strEmail | strPassword | strConfirmPassword |
| Juan David | Celemin Rojas | juan58@gmail.com | Celemin.Rojas07 | Celemin.Rojas07 | [Juan insert user data [Juan clicks on button that enter at the form, Juan enters 'Juan David' into write the name, Juan enters 'Celemin Rojas' into write the lastname, Juan enters 'juan58@gmail.com' into write the email, Juan clicks on write the month, Juan clicks on write the day, Juan clicks on write the year, Juan clicks on next location of register, Juan clicks on next location of register, Juan clicks on next location of register, Juan clicks on next location of register, Juan clicks on next location of register, Juan clicks on next location of register, Juan clicks on next location of register, Juan clicks on next location of register, Juan clicks on next location of register, Juan clicks on next location of register, Juan clicks on next location of register, Juan clicks on next location of register, Juan clicks on next location of register, Juan clicks on next location of register, Juan clicks on next location of register, Juan enters 'Celemin.Rojas07' into next location of register, Juan enters 'Celemin.Rojas07' into next location of register, Juan clicks on next location of register, Juan clicks on next location of register, Juan clicks on next location of register]], Then a successful registration message is displayed
| strConfirmation |
| Welcome to the world's largest community of freelance software testers! | [Then answer]]]
[Test worker] WARN net.thucydides.core.steps.BaseStepListener - Final testOutcomes: [Create a new user:Example: {strName=Juan David, strLastName=Celemin Rojas, strEmail=juan58@gmail.com, strPassword=Celemin.Rojas07, strConfirmPassword=Celemin.Rojas07, strConfirmation=Welcome to the world's largest community of freelance software testers!} [Given that Juan wants to register on the page [Juan open up [Juan opens the Utest page]], When he enters the required information in the form
| strName | strLastName | strEmail | strPassword | strConfirmPassword |
| Juan David | Celemin Rojas | juan58@gmail.com | Celemin.Rojas07 | Celemin.Rojas07 | [Juan insert user data [Juan clicks on button that enter at the form, Juan enters 'Juan David' into write the name, Juan enters 'Celemin Rojas' into write the lastname, Juan enters 'juan58@gmail.com' into write the email, Juan clicks on write the month, Juan clicks on write the day, Juan clicks on write the year, Juan clicks on next location of register, Juan clicks on next location of register, Juan clicks on next location of register, Juan clicks on next location of register, Juan clicks on next location of register, Juan clicks on next location of register, Juan clicks on next location of register, Juan clicks on next location of register, Juan clicks on next location of register, Juan clicks on next location of register, Juan clicks on next location of register, Juan clicks on next location of register, Juan clicks on next location of register, Juan clicks on next location of register, Juan clicks on next location of register, Juan enters 'Celemin.Rojas07' into next location of register, Juan enters 'Celemin.Rojas07' into next location of register, Juan clicks on next location of register, Juan clicks on next location of register, Juan clicks on next location of register]], Then a successful registration message is displayed
| strConfirmation |
| Welcome to the world's largest community of freelance software testers! | [Then answer]]]
[Test worker] INFO net.thucydides.core.steps.ConsoleLoggingListener - 
        __    _____ _____ ____ _____   ____   _    ____  ____  _____ ____  
  _     \ \  |_   _| ____/ ___|_   _| |  _ \ / \  / ___|/ ___|| ____|  _ \ 
 (_)_____| |   | | |  _| \___ \ | |   | |_) / _ \ \___ \\___ \|  _| | | | |
  _|_____| |   | | | |___ ___) || |   |  __/ ___ \ ___) |___) | |___| |_| |
 (_)     | |   |_| |_____|____/ |_|   |_| /_/   \_\____/|____/|_____|____/ 
        /_/                                                                

TEST PASSED: Create a new user
----------------------------------------------------------------------------
]]></system-err>
</testsuite>
